2015/11/25 10:33:03 [error] [exception.CHttpException.404] exception 'CHttpException' with message '系统无法找到请求的 "admin_add" 动作.' in D:\wampserver\www\yii_backend\framework\web\CController.php:444
Stack trace:
#0 D:\wampserver\www\yii_backend\framework\web\CController.php(262): CController->missingAction('admin_add')
#1 D:\wampserver\www\yii_backend\framework\web\CWebApplication.php(328): CController->run('admin_add')
#2 D:\wampserver\www\yii_backend\framework\web\CWebApplication.php(121): CWebApplication->runController('Auth/admin_add')
#3 D:\wampserver\www\yii_backend\framework\base\CApplication.php(155): CWebApplication->processRequest()
#4 D:\wampserver\www\yii_backend\index.php(13): CApplication->run()
#5 {main} REQUEST_URI=/Auth/admin_add
2015/11/25 10:33:56 [error] [exception.CHttpException.404] exception 'CHttpException' with message '系统无法找到请求的 "checkismyself" 动作.' in D:\wampserver\www\yii_backend\framework\web\CController.php:444
Stack trace:
#0 D:\wampserver\www\yii_backend\framework\web\CController.php(262): CController->missingAction('checkismyself')
#1 D:\wampserver\www\yii_backend\framework\web\CWebApplication.php(328): CController->run('checkismyself')
#2 D:\wampserver\www\yii_backend\framework\web\CWebApplication.php(121): CWebApplication->runController('auth/checkismys...')
#3 D:\wampserver\www\yii_backend\framework\base\CApplication.php(155): CWebApplication->processRequest()
#4 D:\wampserver\www\yii_backend\index.php(13): CApplication->run()
#5 {main} REQUEST_URI=/auth/checkismyself
2015/11/25 10:33:59 [error] [exception.CHttpException.404] exception 'CHttpException' with message '系统无法找到请求的 "checkismyself" 动作.' in D:\wampserver\www\yii_backend\framework\web\CController.php:444
Stack trace:
#0 D:\wampserver\www\yii_backend\framework\web\CController.php(262): CController->missingAction('checkismyself')
#1 D:\wampserver\www\yii_backend\framework\web\CWebApplication.php(328): CController->run('checkismyself')
#2 D:\wampserver\www\yii_backend\framework\web\CWebApplication.php(121): CWebApplication->runController('auth/checkismys...')
#3 D:\wampserver\www\yii_backend\framework\base\CApplication.php(155): CWebApplication->processRequest()
#4 D:\wampserver\www\yii_backend\index.php(13): CApplication->run()
#5 {main} REQUEST_URI=/auth/checkismyself
2015/11/25 10:34:04 [error] [exception.CHttpException.404] exception 'CHttpException' with message '系统无法找到请求的 "checkismyself" 动作.' in D:\wampserver\www\yii_backend\framework\web\CController.php:444
Stack trace:
#0 D:\wampserver\www\yii_backend\framework\web\CController.php(262): CController->missingAction('checkismyself')
#1 D:\wampserver\www\yii_backend\framework\web\CWebApplication.php(328): CController->run('checkismyself')
#2 D:\wampserver\www\yii_backend\framework\web\CWebApplication.php(121): CWebApplication->runController('auth/checkismys...')
#3 D:\wampserver\www\yii_backend\framework\base\CApplication.php(155): CWebApplication->processRequest()
#4 D:\wampserver\www\yii_backend\index.php(13): CApplication->run()
#5 {main} REQUEST_URI=/auth/checkismyself
2015/11/25 10:34:58 [error] [php] include(VcosGoodsOrder.php) [<a href='function.include'>function.include</a>]: failed to open stream: No such file or directory (D:\wampserver\www\yii_backend\framework\YiiBase.php:395)
Stack trace:
#0 D:\wampserver\www\yii_backend\protected\components\Controller.php(97): spl_autoload_call()
#1 D:\wampserver\www\yii_backend\framework\web\actions\CInlineAction.php(57): AuthController->actionCheckgoodsorder()
#2 D:\wampserver\www\yii_backend\framework\web\CController.php(300): CInlineAction->run()
#3 D:\wampserver\www\yii_backend\framework\web\CController.php(278): AuthController->runAction()
#4 D:\wampserver\www\yii_backend\framework\web\CController.php(257): AuthController->runActionWithFilters()
#5 D:\wampserver\www\yii_backend\framework\web\CWebApplication.php(328): AuthController->run()
#6 D:\wampserver\www\yii_backend\framework\web\CWebApplication.php(121): CWebApplication->runController()
#7 D:\wampserver\www\yii_backend\framework\base\CApplication.php(155): CWebApplication->processRequest()
#8 D:\wampserver\www\yii_backend\index.php(13): CWebApplication->run()
REQUEST_URI=/Auth/checkgoodsorder
in D:\wampserver\www\yii_backend\protected\components\Controller.php (97)
in D:\wampserver\www\yii_backend\index.php (13)
2015/11/25 10:53:15 [error] [php] include(VcosGoodsOrder.php) [<a href='function.include'>function.include</a>]: failed to open stream: No such file or directory (D:\wampserver\www\yii_backend\framework\YiiBase.php:395)
Stack trace:
#0 D:\wampserver\www\yii_backend\protected\components\Controller.php(97): spl_autoload_call()
#1 D:\wampserver\www\yii_backend\framework\web\actions\CInlineAction.php(57): AuthController->actionCheckgoodsorder()
#2 D:\wampserver\www\yii_backend\framework\web\CController.php(300): CInlineAction->run()
#3 D:\wampserver\www\yii_backend\framework\web\CController.php(278): AuthController->runAction()
#4 D:\wampserver\www\yii_backend\framework\web\CController.php(257): AuthController->runActionWithFilters()
#5 D:\wampserver\www\yii_backend\framework\web\CWebApplication.php(328): AuthController->run()
#6 D:\wampserver\www\yii_backend\framework\web\CWebApplication.php(121): CWebApplication->runController()
#7 D:\wampserver\www\yii_backend\framework\base\CApplication.php(155): CWebApplication->processRequest()
#8 D:\wampserver\www\yii_backend\index.php(13): CWebApplication->run()
REQUEST_URI=/Auth/checkgoodsorder
in D:\wampserver\www\yii_backend\protected\components\Controller.php (97)
in D:\wampserver\www\yii_backend\index.php (13)
2015/11/25 11:19:55 [error] [php] include(VcosGoodsOrder.php) [<a href='function.include'>function.include</a>]: failed to open stream: No such file or directory (D:\wampserver\www\yii_backend\framework\YiiBase.php:395)
Stack trace:
#0 D:\wampserver\www\yii_backend\protected\components\Controller.php(97): spl_autoload_call()
#1 D:\wampserver\www\yii_backend\framework\web\actions\CInlineAction.php(57): AuthController->actionCheckgoodsorder()
#2 D:\wampserver\www\yii_backend\framework\web\CController.php(300): CInlineAction->run()
#3 D:\wampserver\www\yii_backend\framework\web\CController.php(278): AuthController->runAction()
#4 D:\wampserver\www\yii_backend\framework\web\CController.php(257): AuthController->runActionWithFilters()
#5 D:\wampserver\www\yii_backend\framework\web\CWebApplication.php(328): AuthController->run()
#6 D:\wampserver\www\yii_backend\framework\web\CWebApplication.php(121): CWebApplication->runController()
#7 D:\wampserver\www\yii_backend\framework\base\CApplication.php(155): CWebApplication->processRequest()
#8 D:\wampserver\www\yii_backend\index.php(13): CWebApplication->run()
REQUEST_URI=/Auth/checkgoodsorder
in D:\wampserver\www\yii_backend\protected\components\Controller.php (97)
in D:\wampserver\www\yii_backend\index.php (13)
2015/11/25 11:21:24 [error] [php] include(VcosGoodsOrder.php) [<a href='function.include'>function.include</a>]: failed to open stream: No such file or directory (D:\wampserver\www\yii_backend\framework\YiiBase.php:395)
Stack trace:
#0 D:\wampserver\www\yii_backend\protected\components\Controller.php(97): spl_autoload_call()
#1 D:\wampserver\www\yii_backend\framework\web\actions\CInlineAction.php(57): AuthController->actionCheckgoodsorder()
#2 D:\wampserver\www\yii_backend\framework\web\CController.php(300): CInlineAction->run()
#3 D:\wampserver\www\yii_backend\framework\web\CController.php(278): AuthController->runAction()
#4 D:\wampserver\www\yii_backend\framework\web\CController.php(257): AuthController->runActionWithFilters()
#5 D:\wampserver\www\yii_backend\framework\web\CWebApplication.php(328): AuthController->run()
#6 D:\wampserver\www\yii_backend\framework\web\CWebApplication.php(121): CWebApplication->runController()
#7 D:\wampserver\www\yii_backend\framework\base\CApplication.php(155): CWebApplication->processRequest()
#8 D:\wampserver\www\yii_backend\index.php(13): CWebApplication->run()
REQUEST_URI=/Auth/checkgoodsorder
in D:\wampserver\www\yii_backend\protected\components\Controller.php (97)
in D:\wampserver\www\yii_backend\index.php (13)
2015/11/25 11:33:10 [error] [php] include(VcosGoodsOrder.php) [<a href='function.include'>function.include</a>]: failed to open stream: No such file or directory (D:\wampserver\www\yii_backend\framework\YiiBase.php:395)
Stack trace:
#0 D:\wampserver\www\yii_backend\protected\components\Controller.php(97): spl_autoload_call()
#1 D:\wampserver\www\yii_backend\framework\web\actions\CInlineAction.php(57): AuthController->actionCheckgoodsorder()
#2 D:\wampserver\www\yii_backend\framework\web\CController.php(300): CInlineAction->run()
#3 D:\wampserver\www\yii_backend\framework\web\CController.php(278): AuthController->runAction()
#4 D:\wampserver\www\yii_backend\framework\web\CController.php(257): AuthController->runActionWithFilters()
#5 D:\wampserver\www\yii_backend\framework\web\CWebApplication.php(328): AuthController->run()
#6 D:\wampserver\www\yii_backend\framework\web\CWebApplication.php(121): CWebApplication->runController()
#7 D:\wampserver\www\yii_backend\framework\base\CApplication.php(155): CWebApplication->processRequest()
#8 D:\wampserver\www\yii_backend\index.php(13): CWebApplication->run()
REQUEST_URI=/Auth/checkgoodsorder
in D:\wampserver\www\yii_backend\protected\components\Controller.php (97)
in D:\wampserver\www\yii_backend\index.php (13)
2015/11/25 14:13:13 [error] [php] include(VcosGoodsOrder.php) [<a href='function.include'>function.include</a>]: failed to open stream: No such file or directory (D:\wampserver\www\yii_backend\framework\YiiBase.php:395)
Stack trace:
#0 D:\wampserver\www\yii_backend\protected\components\Controller.php(97): spl_autoload_call()
#1 D:\wampserver\www\yii_backend\framework\web\actions\CInlineAction.php(57): AuthController->actionCheckgoodsorder()
#2 D:\wampserver\www\yii_backend\framework\web\CController.php(300): CInlineAction->run()
#3 D:\wampserver\www\yii_backend\framework\web\CController.php(278): AuthController->runAction()
#4 D:\wampserver\www\yii_backend\framework\web\CController.php(257): AuthController->runActionWithFilters()
#5 D:\wampserver\www\yii_backend\framework\web\CWebApplication.php(328): AuthController->run()
#6 D:\wampserver\www\yii_backend\framework\web\CWebApplication.php(121): CWebApplication->runController()
#7 D:\wampserver\www\yii_backend\framework\base\CApplication.php(155): CWebApplication->processRequest()
#8 D:\wampserver\www\yii_backend\index.php(13): CWebApplication->run()
REQUEST_URI=/Auth/checkgoodsorder
in D:\wampserver\www\yii_backend\protected\components\Controller.php (97)
in D:\wampserver\www\yii_backend\index.php (13)
2015/11/25 14:13:14 [error] [exception.CHttpException.404] exception 'CHttpException' with message '系统无法找到请求的 "checkismyself" 动作.' in D:\wampserver\www\yii_backend\framework\web\CController.php:444
Stack trace:
#0 D:\wampserver\www\yii_backend\framework\web\CController.php(262): CController->missingAction('checkismyself')
#1 D:\wampserver\www\yii_backend\framework\web\CWebApplication.php(328): CController->run('checkismyself')
#2 D:\wampserver\www\yii_backend\framework\web\CWebApplication.php(121): CWebApplication->runController('Auth/checkismys...')
#3 D:\wampserver\www\yii_backend\framework\base\CApplication.php(155): CWebApplication->processRequest()
#4 D:\wampserver\www\yii_backend\index.php(13): CApplication->run()
#5 {main} REQUEST_URI=/Auth/checkismyself
2015/11/25 14:14:09 [error] [php] include(VcosGoodsOrder.php) [<a href='function.include'>function.include</a>]: failed to open stream: No such file or directory (D:\wampserver\www\yii_backend\framework\YiiBase.php:395)
Stack trace:
#0 D:\wampserver\www\yii_backend\protected\components\Controller.php(97): spl_autoload_call()
#1 D:\wampserver\www\yii_backend\framework\web\actions\CInlineAction.php(57): AuthController->actionCheckgoodsorder()
#2 D:\wampserver\www\yii_backend\framework\web\CController.php(300): CInlineAction->run()
#3 D:\wampserver\www\yii_backend\framework\web\CController.php(278): AuthController->runAction()
#4 D:\wampserver\www\yii_backend\framework\web\CController.php(257): AuthController->runActionWithFilters()
#5 D:\wampserver\www\yii_backend\framework\web\CWebApplication.php(328): AuthController->run()
#6 D:\wampserver\www\yii_backend\framework\web\CWebApplication.php(121): CWebApplication->runController()
#7 D:\wampserver\www\yii_backend\framework\base\CApplication.php(155): CWebApplication->processRequest()
#8 D:\wampserver\www\yii_backend\index.php(13): CWebApplication->run()
REQUEST_URI=/Auth/checkgoodsorder
in D:\wampserver\www\yii_backend\protected\components\Controller.php (97)
in D:\wampserver\www\yii_backend\index.php (13)
2015/11/25 14:31:20 [error] [php] include(VcosGoodsOrder.php) [<a href='function.include'>function.include</a>]: failed to open stream: No such file or directory (D:\wampserver\www\yii_backend\framework\YiiBase.php:395)
Stack trace:
#0 D:\wampserver\www\yii_backend\protected\components\Controller.php(97): spl_autoload_call()
#1 D:\wampserver\www\yii_backend\framework\web\actions\CInlineAction.php(57): AuthController->actionCheckgoodsorder()
#2 D:\wampserver\www\yii_backend\framework\web\CController.php(300): CInlineAction->run()
#3 D:\wampserver\www\yii_backend\framework\web\CController.php(278): AuthController->runAction()
#4 D:\wampserver\www\yii_backend\framework\web\CController.php(257): AuthController->runActionWithFilters()
#5 D:\wampserver\www\yii_backend\framework\web\CWebApplication.php(328): AuthController->run()
#6 D:\wampserver\www\yii_backend\framework\web\CWebApplication.php(121): CWebApplication->runController()
#7 D:\wampserver\www\yii_backend\framework\base\CApplication.php(155): CWebApplication->processRequest()
#8 D:\wampserver\www\yii_backend\index.php(13): CWebApplication->run()
REQUEST_URI=/Auth/checkgoodsorder
in D:\wampserver\www\yii_backend\protected\components\Controller.php (97)
in D:\wampserver\www\yii_backend\index.php (13)
2015/11/25 14:36:00 [error] [php] include(VcosGoodsOrder.php) [<a href='function.include'>function.include</a>]: failed to open stream: No such file or directory (D:\wampserver\www\yii_backend\framework\YiiBase.php:395)
Stack trace:
#0 D:\wampserver\www\yii_backend\protected\components\Controller.php(97): spl_autoload_call()
#1 D:\wampserver\www\yii_backend\framework\web\actions\CInlineAction.php(57): AuthController->actionCheckgoodsorder()
#2 D:\wampserver\www\yii_backend\framework\web\CController.php(300): CInlineAction->run()
#3 D:\wampserver\www\yii_backend\framework\web\CController.php(278): AuthController->runAction()
#4 D:\wampserver\www\yii_backend\framework\web\CController.php(257): AuthController->runActionWithFilters()
#5 D:\wampserver\www\yii_backend\framework\web\CWebApplication.php(328): AuthController->run()
#6 D:\wampserver\www\yii_backend\framework\web\CWebApplication.php(121): CWebApplication->runController()
#7 D:\wampserver\www\yii_backend\framework\base\CApplication.php(155): CWebApplication->processRequest()
#8 D:\wampserver\www\yii_backend\index.php(13): CWebApplication->run()
REQUEST_URI=/Auth/checkgoodsorder
in D:\wampserver\www\yii_backend\protected\components\Controller.php (97)
in D:\wampserver\www\yii_backend\index.php (13)
2015/11/25 14:50:24 [error] [system.db.CDbCommand] Error in querying SQL: SELECT COUNT(*) FROM `vcos_goods_order` `t` WHERE id_read=:num
in D:\wampserver\www\yii_backend\protected\components\Controller.php (97)
in D:\wampserver\www\yii_backend\index.php (13)
2015/11/25 14:50:24 [error] [exception.CDbException] exception 'CDbException' with message 'CDbCommand 无法执行 SQL 语句: SQLSTATE[42S22]: Column not found: 1054 Unknown column 'id_read' in 'where clause'' in D:\wampserver\www\yii_backend\framework\db\CDbCommand.php:471
Stack trace:
#0 D:\wampserver\www\yii_backend\framework\db\CDbCommand.php(391): CDbCommand->queryInternal('fetchColumn', 0, Array)
#1 D:\wampserver\www\yii_backend\framework\db\ar\CActiveRecord.php(1453): CDbCommand->queryScalar()
#2 D:\wampserver\www\yii_backend\protected\components\Controller.php(97): CActiveRecord->count('id_read=:num', Array)
#3 D:\wampserver\www\yii_backend\framework\web\actions\CInlineAction.php(57): Controller->actionCheckgoodsorder()
#4 D:\wampserver\www\yii_backend\framework\web\CController.php(300): CInlineAction->run()
#5 D:\wampserver\www\yii_backend\framework\web\CController.php(278): CController->runAction(Object(CInlineAction))
#6 D:\wampserver\www\yii_backend\framework\web\CController.php(257): CController->runActionWithFilters(Object(CInlineAction), Array)
#7 D:\wampserver\www\yii_backend\framework\web\CWebApplication.php(328): CController->run('checkgoodsorder')
#8 D:\wampserver\www\yii_backend\framework\web\CWebApplication.php(121): CWebApplication->runController('Auth/checkgoods...')
#9 D:\wampserver\www\yii_backend\framework\base\CApplication.php(155): CWebApplication->processRequest()
#10 D:\wampserver\www\yii_backend\index.php(13): CApplication->run()
#11 {main} REQUEST_URI=/Auth/checkgoodsorder
2016/01/16 16:12:29 [error] [exception.CHttpException.404] exception 'CHttpException' with message '无法解析请求 "themes/ace/assets/css/ace-fonts.css"。' in /var/www/yii_backend/framework/web/CWebApplication.php:286
Stack trace:
#0 /var/www/yii_backend/framework/web/CWebApplication.php(141): CWebApplication->runController('themes/ace/asse...')
#1 /var/www/yii_backend/framework/base/CApplication.php(185): CWebApplication->processRequest()
#2 /var/www/yii_backend/index.php(13): CApplication->run()
#3 {main}
REQUEST_URI=/themes/ace/assets/css/ace-fonts.css
HTTP_REFERER=http://www.yii.com/login/login.html
---
2016/01/16 16:12:29 [error] [exception.CHttpException.404] exception 'CHttpException' with message '无法解析请求 "themes/ace/assets/myimages/skin/login_background_1.jpg"。' in /var/www/yii_backend/framework/web/CWebApplication.php:286
Stack trace:
#0 /var/www/yii_backend/framework/web/CWebApplication.php(141): CWebApplication->runController('themes/ace/asse...')
#1 /var/www/yii_backend/framework/base/CApplication.php(185): CWebApplication->processRequest()
#2 /var/www/yii_backend/index.php(13): CApplication->run()
#3 {main}
REQUEST_URI=/themes/ace/assets/myimages/skin/login_background_1.jpg
HTTP_REFERER=http://www.yii.com/login/login.html
---
2016/01/16 16:12:29 [error] [exception.CHttpException.404] exception 'CHttpException' with message '无法解析请求 "favicon.ico"。' in /var/www/yii_backend/framework/web/CWebApplication.php:286
Stack trace:
#0 /var/www/yii_backend/framework/web/CWebApplication.php(141): CWebApplication->runController('favicon.ico')
#1 /var/www/yii_backend/framework/base/CApplication.php(185): CWebApplication->processRequest()
#2 /var/www/yii_backend/index.php(13): CApplication->run()
#3 {main}
REQUEST_URI=/favicon.ico
HTTP_REFERER=http://www.yii.com/login/login.html
---
2016/01/16 16:12:34 [error] [exception.CDbException] exception 'CDbException' with message 'CDbConnection failed to open the DB connection: SQLSTATE[28000] [1045] Access denied for user 'root'@'localhost' (using password: NO)' in /var/www/yii_backend/framework/db/CDbConnection.php:399
Stack trace:
#0 /var/www/yii_backend/framework/db/CDbConnection.php(347): CDbConnection->open()
#1 /var/www/yii_backend/framework/db/CDbConnection.php(325): CDbConnection->setActive(true)
#2 /var/www/yii_backend/framework/base/CModule.php(394): CDbConnection->init()
#3 /var/www/yii_backend/framework/base/CModule.php(103): CModule->getComponent('m_db')
#4 /var/www/yii_backend/protected/components/UserIdentity.php(28): CModule->__get('m_db')
#5 /var/www/yii_backend/protected/models/MyLoginForm.php(50): UserIdentity->authenticate()
#6 /var/www/yii_backend/framework/validators/CInlineValidator.php(42): MyLoginForm->authenticate('password', Array)
#7 /var/www/yii_backend/framework/validators/CValidator.php(201): CInlineValidator->validateAttribute(Object(MyLoginForm), 'password')
#8 /var/www/yii_backend/framework/base/CModel.php(159): CValidator->validate(Object(MyLoginForm), NULL)
#9 /var/www/yii_backend/protected/controllers/LoginController.php(34): CModel->validate()
#10 /var/www/yii_backend/framework/web/actions/CInlineAction.php(49): LoginController->actionLogin()
#11 /var/www/yii_backend/framework/web/CController.php(308): CInlineAction->runWithParams(Array)
#12 /var/www/yii_backend/framework/web/CController.php(286): CController->runAction(Object(CInlineAction))
#13 /var/www/yii_backend/framework/web/CController.php(265): CController->runActionWithFilters(Object(CInlineAction), Array)
#14 /var/www/yii_backend/framework/web/CWebApplication.php(282): CController->run('login')
#15 /var/www/yii_backend/framework/web/CWebApplication.php(141): CWebApplication->runController('login/login')
#16 /var/www/yii_backend/framework/base/CApplication.php(185): CWebApplication->processRequest()
#17 /var/www/yii_backend/index.php(13): CApplication->run()
#18 {main}
REQUEST_URI=/login/login.html
HTTP_REFERER=http://www.yii.com/login/login.html
---
2016/01/16 16:12:34 [error] [exception.CHttpException.404] exception 'CHttpException' with message '无法解析请求 "favicon.ico"。' in /var/www/yii_backend/framework/web/CWebApplication.php:286
Stack trace:
#0 /var/www/yii_backend/framework/web/CWebApplication.php(141): CWebApplication->runController('favicon.ico')
#1 /var/www/yii_backend/framework/base/CApplication.php(185): CWebApplication->processRequest()
#2 /var/www/yii_backend/index.php(13): CApplication->run()
#3 {main}
REQUEST_URI=/favicon.ico
HTTP_REFERER=http://www.yii.com/login/login.html
---
2016/01/16 16:12:37 [error] [exception.CHttpException.404] exception 'CHttpException' with message '无法解析请求 "themes/ace/assets/myimages/skin/login_background_1.jpg"。' in /var/www/yii_backend/framework/web/CWebApplication.php:286
Stack trace:
#0 /var/www/yii_backend/framework/web/CWebApplication.php(141): CWebApplication->runController('themes/ace/asse...')
#1 /var/www/yii_backend/framework/base/CApplication.php(185): CWebApplication->processRequest()
#2 /var/www/yii_backend/index.php(13): CApplication->run()
#3 {main}
REQUEST_URI=/themes/ace/assets/myimages/skin/login_background_1.jpg
HTTP_REFERER=http://www.yii.com/login/login.html
---
2016/01/16 16:12:37 [error] [exception.CHttpException.404] exception 'CHttpException' with message '无法解析请求 "favicon.ico"。' in /var/www/yii_backend/framework/web/CWebApplication.php:286
Stack trace:
#0 /var/www/yii_backend/framework/web/CWebApplication.php(141): CWebApplication->runController('favicon.ico')
#1 /var/www/yii_backend/framework/base/CApplication.php(185): CWebApplication->processRequest()
#2 /var/www/yii_backend/index.php(13): CApplication->run()
#3 {main}
REQUEST_URI=/favicon.ico
HTTP_REFERER=http://www.yii.com/login/login.html
---
2016/01/16 16:12:40 [error] [exception.CHttpException.404] exception 'CHttpException' with message '无法解析请求 "themes/ace/assets/css/ace-fonts.css"。' in /var/www/yii_backend/framework/web/CWebApplication.php:286
Stack trace:
#0 /var/www/yii_backend/framework/web/CWebApplication.php(141): CWebApplication->runController('themes/ace/asse...')
#1 /var/www/yii_backend/framework/base/CApplication.php(185): CWebApplication->processRequest()
#2 /var/www/yii_backend/index.php(13): CApplication->run()
#3 {main}
REQUEST_URI=/themes/ace/assets/css/ace-fonts.css
HTTP_REFERER=http://www.yii.com/login/login.html
---
2016/01/16 16:12:40 [error] [exception.CHttpException.404] exception 'CHttpException' with message '无法解析请求 "themes/ace/assets/myimages/skin/login_background_1.jpg"。' in /var/www/yii_backend/framework/web/CWebApplication.php:286
Stack trace:
#0 /var/www/yii_backend/framework/web/CWebApplication.php(141): CWebApplication->runController('themes/ace/asse...')
#1 /var/www/yii_backend/framework/base/CApplication.php(185): CWebApplication->processRequest()
#2 /var/www/yii_backend/index.php(13): CApplication->run()
#3 {main}
REQUEST_URI=/themes/ace/assets/myimages/skin/login_background_1.jpg
HTTP_REFERER=http://www.yii.com/login/login.html
---
2016/01/16 16:12:40 [error] [exception.CHttpException.404] exception 'CHttpException' with message '无法解析请求 "favicon.ico"。' in /var/www/yii_backend/framework/web/CWebApplication.php:286
Stack trace:
#0 /var/www/yii_backend/framework/web/CWebApplication.php(141): CWebApplication->runController('favicon.ico')
#1 /var/www/yii_backend/framework/base/CApplication.php(185): CWebApplication->processRequest()
#2 /var/www/yii_backend/index.php(13): CApplication->run()
#3 {main}
REQUEST_URI=/favicon.ico
HTTP_REFERER=http://www.yii.com/login/login.html
---
2016/01/16 16:12:51 [error] [exception.CHttpException.404] exception 'CHttpException' with message '无法解析请求 "themes/ace/assets/css/ace-fonts.css"。' in /var/www/yii_backend/framework/web/CWebApplication.php:286
Stack trace:
#0 /var/www/yii_backend/framework/web/CWebApplication.php(141): CWebApplication->runController('themes/ace/asse...')
#1 /var/www/yii_backend/framework/base/CApplication.php(185): CWebApplication->processRequest()
#2 /var/www/yii_backend/index.php(13): CApplication->run()
#3 {main}
REQUEST_URI=/themes/ace/assets/css/ace-fonts.css
HTTP_REFERER=http://www.yii.com/login/login.html
---
2016/01/16 16:12:51 [error] [exception.CHttpException.404] exception 'CHttpException' with message '无法解析请求 "themes/ace/assets/myimages/skin/login_background_1.jpg"。' in /var/www/yii_backend/framework/web/CWebApplication.php:286
Stack trace:
#0 /var/www/yii_backend/framework/web/CWebApplication.php(141): CWebApplication->runController('themes/ace/asse...')
#1 /var/www/yii_backend/framework/base/CApplication.php(185): CWebApplication->processRequest()
#2 /var/www/yii_backend/index.php(13): CApplication->run()
#3 {main}
REQUEST_URI=/themes/ace/assets/myimages/skin/login_background_1.jpg
HTTP_REFERER=http://www.yii.com/login/login.html
---
2016/01/16 16:12:51 [error] [exception.CHttpException.404] exception 'CHttpException' with message '无法解析请求 "favicon.ico"。' in /var/www/yii_backend/framework/web/CWebApplication.php:286
Stack trace:
#0 /var/www/yii_backend/framework/web/CWebApplication.php(141): CWebApplication->runController('favicon.ico')
#1 /var/www/yii_backend/framework/base/CApplication.php(185): CWebApplication->processRequest()
#2 /var/www/yii_backend/index.php(13): CApplication->run()
#3 {main}
REQUEST_URI=/favicon.ico
---
2016/01/16 16:12:51 [error] [exception.CHttpException.404] exception 'CHttpException' with message '无法解析请求 "favicon.ico"。' in /var/www/yii_backend/framework/web/CWebApplication.php:286
Stack trace:
#0 /var/www/yii_backend/framework/web/CWebApplication.php(141): CWebApplication->runController('favicon.ico')
#1 /var/www/yii_backend/framework/base/CApplication.php(185): CWebApplication->processRequest()
#2 /var/www/yii_backend/index.php(13): CApplication->run()
#3 {main}
REQUEST_URI=/favicon.ico
---
2016/01/16 16:13:04 [error] [exception.CHttpException.404] exception 'CHttpException' with message '无法解析请求 "themes/ace/assets/css/ace-fonts.css"。' in /var/www/yii_backend/framework/web/CWebApplication.php:286
Stack trace:
#0 /var/www/yii_backend/framework/web/CWebApplication.php(141): CWebApplication->runController('themes/ace/asse...')
#1 /var/www/yii_backend/framework/base/CApplication.php(185): CWebApplication->processRequest()
#2 /var/www/yii_backend/index.php(13): CApplication->run()
#3 {main}
REQUEST_URI=/themes/ace/assets/css/ace-fonts.css
HTTP_REFERER=http://www.yii.com/login/login.html
---
2016/01/16 16:13:04 [error] [exception.CHttpException.404] exception 'CHttpException' with message '无法解析请求 "themes/ace/assets/myimages/skin/login_background_1.jpg"。' in /var/www/yii_backend/framework/web/CWebApplication.php:286
Stack trace:
#0 /var/www/yii_backend/framework/web/CWebApplication.php(141): CWebApplication->runController('themes/ace/asse...')
#1 /var/www/yii_backend/framework/base/CApplication.php(185): CWebApplication->processRequest()
#2 /var/www/yii_backend/index.php(13): CApplication->run()
#3 {main}
REQUEST_URI=/themes/ace/assets/myimages/skin/login_background_1.jpg
HTTP_REFERER=http://www.yii.com/login/login.html
---
2016/01/16 16:13:04 [error] [exception.CHttpException.404] exception 'CHttpException' with message '无法解析请求 "favicon.ico"。' in /var/www/yii_backend/framework/web/CWebApplication.php:286
Stack trace:
#0 /var/www/yii_backend/framework/web/CWebApplication.php(141): CWebApplication->runController('favicon.ico')
#1 /var/www/yii_backend/framework/base/CApplication.php(185): CWebApplication->processRequest()
#2 /var/www/yii_backend/index.php(13): CApplication->run()
#3 {main}
REQUEST_URI=/favicon.ico
HTTP_REFERER=http://www.yii.com/login/login.html
---
2016/01/16 16:14:33 [error] [exception.CHttpException.404] exception 'CHttpException' with message '无法解析请求 "themes/ace/assets/css/ace-fonts.css"。' in /var/www/yii_backend/framework/web/CWebApplication.php:286
Stack trace:
#0 /var/www/yii_backend/framework/web/CWebApplication.php(141): CWebApplication->runController('themes/ace/asse...')
#1 /var/www/yii_backend/framework/base/CApplication.php(185): CWebApplication->processRequest()
#2 /var/www/yii_backend/index.php(13): CApplication->run()
#3 {main}
REQUEST_URI=/themes/ace/assets/css/ace-fonts.css
HTTP_REFERER=http://www.yii.com/login/login.html
---
2016/01/16 16:14:33 [error] [exception.CHttpException.404] exception 'CHttpException' with message '无法解析请求 "favicon.ico"。' in /var/www/yii_backend/framework/web/CWebApplication.php:286
Stack trace:
#0 /var/www/yii_backend/framework/web/CWebApplication.php(141): CWebApplication->runController('favicon.ico')
#1 /var/www/yii_backend/framework/base/CApplication.php(185): CWebApplication->processRequest()
#2 /var/www/yii_backend/index.php(13): CApplication->run()
#3 {main}
REQUEST_URI=/favicon.ico
HTTP_REFERER=http://www.yii.com/login/login.html
---
2016/01/16 16:14:43 [error] [exception.CHttpException.404] exception 'CHttpException' with message '无法解析请求 "themes/ace/assets/css/ace-fonts.css"。' in /var/www/yii_backend/framework/web/CWebApplication.php:286
Stack trace:
#0 /var/www/yii_backend/framework/web/CWebApplication.php(141): CWebApplication->runController('themes/ace/asse...')
#1 /var/www/yii_backend/framework/base/CApplication.php(185): CWebApplication->processRequest()
#2 /var/www/yii_backend/index.php(13): CApplication->run()
#3 {main}
REQUEST_URI=/themes/ace/assets/css/ace-fonts.css
HTTP_REFERER=http://www.yii.com/login/login.html
---
2016/01/16 16:14:43 [error] [exception.CHttpException.404] exception 'CHttpException' with message '无法解析请求 "favicon.ico"。' in /var/www/yii_backend/framework/web/CWebApplication.php:286
Stack trace:
#0 /var/www/yii_backend/framework/web/CWebApplication.php(141): CWebApplication->runController('favicon.ico')
#1 /var/www/yii_backend/framework/base/CApplication.php(185): CWebApplication->processRequest()
#2 /var/www/yii_backend/index.php(13): CApplication->run()
#3 {main}
REQUEST_URI=/favicon.ico
HTTP_REFERER=http://www.yii.com/login/login.html
---
2016/01/16 16:17:43 [error] [exception.CHttpException.404] exception 'CHttpException' with message '无法解析请求 "themes/ace/assets/css/ace-fonts.css"。' in /var/www/yii_backend/framework/web/CWebApplication.php:286
Stack trace:
#0 /var/www/yii_backend/framework/web/CWebApplication.php(141): CWebApplication->runController('themes/ace/asse...')
#1 /var/www/yii_backend/framework/base/CApplication.php(185): CWebApplication->processRequest()
#2 /var/www/yii_backend/index.php(13): CApplication->run()
#3 {main}
REQUEST_URI=/themes/ace/assets/css/ace-fonts.css
HTTP_REFERER=http://www.yii.com/login/login.html
---
2016/01/16 16:18:25 [error] [exception.CDbException] exception 'CDbException' with message 'CDbConnection failed to open the DB connection: SQLSTATE[28000] [1045] Access denied for user 'root'@'localhost' (using password: NO)' in /var/www/yii_backend/framework/db/CDbConnection.php:399
Stack trace:
#0 /var/www/yii_backend/framework/db/CDbConnection.php(347): CDbConnection->open()
#1 /var/www/yii_backend/framework/db/CDbConnection.php(325): CDbConnection->setActive(true)
#2 /var/www/yii_backend/framework/base/CModule.php(394): CDbConnection->init()
#3 /var/www/yii_backend/framework/base/CModule.php(103): CModule->getComponent('m_db')
#4 /var/www/yii_backend/protected/components/UserIdentity.php(28): CModule->__get('m_db')
#5 /var/www/yii_backend/protected/models/MyLoginForm.php(50): UserIdentity->authenticate()
#6 /var/www/yii_backend/framework/validators/CInlineValidator.php(42): MyLoginForm->authenticate('password', Array)
#7 /var/www/yii_backend/framework/validators/CValidator.php(201): CInlineValidator->validateAttribute(Object(MyLoginForm), 'password')
#8 /var/www/yii_backend/framework/base/CModel.php(159): CValidator->validate(Object(MyLoginForm), NULL)
#9 /var/www/yii_backend/protected/controllers/LoginController.php(34): CModel->validate()
#10 /var/www/yii_backend/framework/web/actions/CInlineAction.php(49): LoginController->actionLogin()
#11 /var/www/yii_backend/framework/web/CController.php(308): CInlineAction->runWithParams(Array)
#12 /var/www/yii_backend/framework/web/CController.php(286): CController->runAction(Object(CInlineAction))
#13 /var/www/yii_backend/framework/web/CController.php(265): CController->runActionWithFilters(Object(CInlineAction), Array)
#14 /var/www/yii_backend/framework/web/CWebApplication.php(282): CController->run('login')
#15 /var/www/yii_backend/framework/web/CWebApplication.php(141): CWebApplication->runController('login/login')
#16 /var/www/yii_backend/framework/base/CApplication.php(185): CWebApplication->processRequest()
#17 /var/www/yii_backend/index.php(13): CApplication->run()
#18 {main}
REQUEST_URI=/login/login.html
HTTP_REFERER=http://www.yii.com/login/login.html
---
2016/01/16 16:19:50 [error] [exception.CHttpException.404] exception 'CHttpException' with message '无法解析请求 "themes/ace/assets/css/ace-fonts.css"。' in /var/www/yii_backend/framework/web/CWebApplication.php:286
Stack trace:
#0 /var/www/yii_backend/framework/web/CWebApplication.php(141): CWebApplication->runController('themes/ace/asse...')
#1 /var/www/yii_backend/framework/base/CApplication.php(185): CWebApplication->processRequest()
#2 /var/www/yii_backend/index.php(13): CApplication->run()
#3 {main}
REQUEST_URI=/themes/ace/assets/css/ace-fonts.css
HTTP_REFERER=http://www.yii.com/login/login.html
---
2016/01/16 16:28:41 [error] [exception.CHttpException.404] exception 'CHttpException' with message '无法解析请求 "themes/ace/assets/css/ace-fonts.css"。' in /var/www/yii_backend/framework/web/CWebApplication.php:286
Stack trace:
#0 /var/www/yii_backend/framework/web/CWebApplication.php(141): CWebApplication->runController('themes/ace/asse...')
#1 /var/www/yii_backend/framework/base/CApplication.php(185): CWebApplication->processRequest()
#2 /var/www/yii_backend/index.php(13): CApplication->run()
#3 {main}
REQUEST_URI=/themes/ace/assets/css/ace-fonts.css
HTTP_REFERER=http://www.yii.com/login/login.html
---
2016/01/16 16:28:41 [error] [exception.CHttpException.404] exception 'CHttpException' with message '无法解析请求 "favicon.ico"。' in /var/www/yii_backend/framework/web/CWebApplication.php:286
Stack trace:
#0 /var/www/yii_backend/framework/web/CWebApplication.php(141): CWebApplication->runController('favicon.ico')
#1 /var/www/yii_backend/framework/base/CApplication.php(185): CWebApplication->processRequest()
#2 /var/www/yii_backend/index.php(13): CApplication->run()
#3 {main}
REQUEST_URI=/favicon.ico
---
2016/01/16 16:28:41 [error] [exception.CHttpException.404] exception 'CHttpException' with message '无法解析请求 "favicon.ico"。' in /var/www/yii_backend/framework/web/CWebApplication.php:286
Stack trace:
#0 /var/www/yii_backend/framework/web/CWebApplication.php(141): CWebApplication->runController('favicon.ico')
#1 /var/www/yii_backend/framework/base/CApplication.php(185): CWebApplication->processRequest()
#2 /var/www/yii_backend/index.php(13): CApplication->run()
#3 {main}
REQUEST_URI=/favicon.ico
---
2016/01/16 16:28:45 [error] [exception.CDbException] exception 'CDbException' with message 'CDbConnection failed to open the DB connection: SQLSTATE[28000] [1045] Access denied for user 'root'@'localhost' (using password: NO)' in /var/www/yii_backend/framework/db/CDbConnection.php:399
Stack trace:
#0 /var/www/yii_backend/framework/db/CDbConnection.php(347): CDbConnection->open()
#1 /var/www/yii_backend/framework/db/CDbConnection.php(325): CDbConnection->setActive(true)
#2 /var/www/yii_backend/framework/base/CModule.php(394): CDbConnection->init()
#3 /var/www/yii_backend/framework/base/CModule.php(103): CModule->getComponent('m_db')
#4 /var/www/yii_backend/protected/components/UserIdentity.php(28): CModule->__get('m_db')
#5 /var/www/yii_backend/protected/models/MyLoginForm.php(50): UserIdentity->authenticate()
#6 /var/www/yii_backend/framework/validators/CInlineValidator.php(42): MyLoginForm->authenticate('password', Array)
#7 /var/www/yii_backend/framework/validators/CValidator.php(201): CInlineValidator->validateAttribute(Object(MyLoginForm), 'password')
#8 /var/www/yii_backend/framework/base/CModel.php(159): CValidator->validate(Object(MyLoginForm), NULL)
#9 /var/www/yii_backend/protected/controllers/LoginController.php(34): CModel->validate()
#10 /var/www/yii_backend/framework/web/actions/CInlineAction.php(49): LoginController->actionLogin()
#11 /var/www/yii_backend/framework/web/CController.php(308): CInlineAction->runWithParams(Array)
#12 /var/www/yii_backend/framework/web/CController.php(286): CController->runAction(Object(CInlineAction))
#13 /var/www/yii_backend/framework/web/CController.php(265): CController->runActionWithFilters(Object(CInlineAction), Array)
#14 /var/www/yii_backend/framework/web/CWebApplication.php(282): CController->run('login')
#15 /var/www/yii_backend/framework/web/CWebApplication.php(141): CWebApplication->runController('login/login')
#16 /var/www/yii_backend/framework/base/CApplication.php(185): CWebApplication->processRequest()
#17 /var/www/yii_backend/index.php(13): CApplication->run()
#18 {main}
REQUEST_URI=/login/login.html
HTTP_REFERER=http://www.yii.com/login/login.html
---
2016/01/16 16:29:53 [error] [exception.CHttpException.404] exception 'CHttpException' with message '无法解析请求 "themes/ace/assets/css/ace-fonts.css"。' in /var/www/yii_backend/framework/web/CWebApplication.php:286
Stack trace:
#0 /var/www/yii_backend/framework/web/CWebApplication.php(141): CWebApplication->runController('themes/ace/asse...')
#1 /var/www/yii_backend/framework/base/CApplication.php(185): CWebApplication->processRequest()
#2 /var/www/yii_backend/index.php(13): CApplication->run()
#3 {main}
REQUEST_URI=/themes/ace/assets/css/ace-fonts.css
HTTP_REFERER=http://www.yii.com/login/login.html
---
2016/01/16 16:29:57 [error] [exception.CDbException] exception 'CDbException' with message 'CDbConnection failed to open the DB connection: SQLSTATE[28000] [1045] Access denied for user 'root'@'localhost' (using password: NO)' in /var/www/yii_backend/framework/db/CDbConnection.php:399
Stack trace:
#0 /var/www/yii_backend/framework/db/CDbConnection.php(347): CDbConnection->open()
#1 /var/www/yii_backend/framework/db/CDbConnection.php(325): CDbConnection->setActive(true)
#2 /var/www/yii_backend/framework/base/CModule.php(394): CDbConnection->init()
#3 /var/www/yii_backend/framework/base/CModule.php(103): CModule->getComponent('m_db')
#4 /var/www/yii_backend/protected/components/UserIdentity.php(28): CModule->__get('m_db')
#5 /var/www/yii_backend/protected/models/MyLoginForm.php(50): UserIdentity->authenticate()
#6 /var/www/yii_backend/framework/validators/CInlineValidator.php(42): MyLoginForm->authenticate('password', Array)
#7 /var/www/yii_backend/framework/validators/CValidator.php(201): CInlineValidator->validateAttribute(Object(MyLoginForm), 'password')
#8 /var/www/yii_backend/framework/base/CModel.php(159): CValidator->validate(Object(MyLoginForm), NULL)
#9 /var/www/yii_backend/protected/controllers/LoginController.php(34): CModel->validate()
#10 /var/www/yii_backend/framework/web/actions/CInlineAction.php(49): LoginController->actionLogin()
#11 /var/www/yii_backend/framework/web/CController.php(308): CInlineAction->runWithParams(Array)
#12 /var/www/yii_backend/framework/web/CController.php(286): CController->runAction(Object(CInlineAction))
#13 /var/www/yii_backend/framework/web/CController.php(265): CController->runActionWithFilters(Object(CInlineAction), Array)
#14 /var/www/yii_backend/framework/web/CWebApplication.php(282): CController->run('login')
#15 /var/www/yii_backend/framework/web/CWebApplication.php(141): CWebApplication->runController('login/login')
#16 /var/www/yii_backend/framework/base/CApplication.php(185): CWebApplication->processRequest()
#17 /var/www/yii_backend/index.php(13): CApplication->run()
#18 {main}
REQUEST_URI=/login/login.html
HTTP_REFERER=http://www.yii.com/login/login.html
---
2016/01/16 16:30:56 [error] [exception.CHttpException.404] exception 'CHttpException' with message '无法解析请求 "themes/ace/assets/css/ace-fonts.css"。' in /var/www/yii_backend/framework/web/CWebApplication.php:286
Stack trace:
#0 /var/www/yii_backend/framework/web/CWebApplication.php(141): CWebApplication->runController('themes/ace/asse...')
#1 /var/www/yii_backend/framework/base/CApplication.php(185): CWebApplication->processRequest()
#2 /var/www/yii_backend/index.php(13): CApplication->run()
#3 {main}
REQUEST_URI=/themes/ace/assets/css/ace-fonts.css
HTTP_REFERER=http://www.yii.com/login/login.html
---
2016/01/16 16:31:00 [error] [exception.CHttpException.404] exception 'CHttpException' with message '无法解析请求 "themes/ace/assets/css/ace-fonts.css"。' in /var/www/yii_backend/framework/web/CWebApplication.php:286
Stack trace:
#0 /var/www/yii_backend/framework/web/CWebApplication.php(141): CWebApplication->runController('themes/ace/asse...')
#1 /var/www/yii_backend/framework/base/CApplication.php(185): CWebApplication->processRequest()
#2 /var/www/yii_backend/index.php(13): CApplication->run()
#3 {main}
REQUEST_URI=/themes/ace/assets/css/ace-fonts.css
HTTP_REFERER=http://www.yii.com/site/index
---
2016/01/16 16:31:00 [error] [exception.CHttpException.404] exception 'CHttpException' with message '无法解析请求 "themes/ace/assets/js/artDialog4.1.7/artDialog.js"。' in /var/www/yii_backend/framework/web/CWebApplication.php:286
Stack trace:
#0 /var/www/yii_backend/framework/web/CWebApplication.php(141): CWebApplication->runController('themes/ace/asse...')
#1 /var/www/yii_backend/framework/base/CApplication.php(185): CWebApplication->processRequest()
#2 /var/www/yii_backend/index.php(13): CApplication->run()
#3 {main}
REQUEST_URI=/themes/ace/assets/js/artDialog4.1.7/artDialog.js?skin=default
HTTP_REFERER=http://www.yii.com/site/index
---
2016/01/16 16:31:00 [error] [exception.CHttpException.404] exception 'CHttpException' with message '无法解析请求 "themes/ace/assets/js/artDialog4.1.7/artDialog.js"。' in /var/www/yii_backend/framework/web/CWebApplication.php:286
Stack trace:
#0 /var/www/yii_backend/framework/web/CWebApplication.php(141): CWebApplication->runController('themes/ace/asse...')
#1 /var/www/yii_backend/framework/base/CApplication.php(185): CWebApplication->processRequest()
#2 /var/www/yii_backend/index.php(13): CApplication->run()
#3 {main}
REQUEST_URI=/themes/ace/assets/js/artDialog4.1.7/artDialog.js?skin=default
HTTP_REFERER=http://www.yii.com/site/index
---
2016/01/16 16:31:03 [error] [exception.CException] exception 'CException' with message 'BotWidget cannot find the view "bot_view".' in /var/www/yii_backend/framework/web/widgets/CWidget.php:246
Stack trace:
#0 /var/www/yii_backend/protected/widget/BotWidget.php(21): CWidget->render('bot_view', Array)
#1 /var/www/yii_backend/framework/web/CBaseController.php(181): BotWidget->run()
#2 /var/www/yii_backend/themes/ace/views/travelschedule/index.php(122): CBaseController->widget('BotWidget', Array)
#3 /var/www/yii_backend/framework/web/CBaseController.php(126): require('/var/www/yii_ba...')
#4 /var/www/yii_backend/framework/web/CBaseController.php(95): CBaseController->renderInternal('/var/www/yii_ba...', Array, true)
#5 /var/www/yii_backend/framework/web/CController.php(869): CBaseController->renderFile('/var/www/yii_ba...', Array, true)
#6 /var/www/yii_backend/framework/web/CController.php(782): CController->renderPartial('index', Array, true)
#7 /var/www/yii_backend/protected/controllers/TravelscheduleController.php(58): CController->render('index', Array)
#8 /var/www/yii_backend/framework/web/actions/CInlineAction.php(49): TravelscheduleController->actionTravelSchedule_list()
#9 /var/www/yii_backend/framework/web/CController.php(308): CInlineAction->runWithParams(Array)
#10 /var/www/yii_backend/framework/web/CController.php(286): CController->runAction(Object(CInlineAction))
#11 /var/www/yii_backend/framework/web/CController.php(265): CController->runActionWithFilters(Object(CInlineAction), Array)
#12 /var/www/yii_backend/framework/web/CWebApplication.php(282): CController->run('travelschedule_...')
#13 /var/www/yii_backend/framework/web/CWebApplication.php(141): CWebApplication->runController('Travelschedule/...')
#14 /var/www/yii_backend/framework/base/CApplication.php(185): CWebApplication->processRequest()
#15 /var/www/yii_backend/index.php(13): CApplication->run()
#16 {main}
REQUEST_URI=/Travelschedule/travelschedule_list
HTTP_REFERER=http://www.yii.com/site/index
---
2016/01/16 16:31:07 [error] [exception.CHttpException.404] exception 'CHttpException' with message '无法解析请求 "themes/ace/assets/css/ace-fonts.css"。' in /var/www/yii_backend/framework/web/CWebApplication.php:286
Stack trace:
#0 /var/www/yii_backend/framework/web/CWebApplication.php(141): CWebApplication->runController('themes/ace/asse...')
#1 /var/www/yii_backend/framework/base/CApplication.php(185): CWebApplication->processRequest()
#2 /var/www/yii_backend/index.php(13): CApplication->run()
#3 {main}
REQUEST_URI=/themes/ace/assets/css/ace-fonts.css
HTTP_REFERER=http://www.yii.com/site/index
---
2016/01/16 16:31:07 [error] [exception.CHttpException.404] exception 'CHttpException' with message '无法解析请求 "themes/ace/assets/js/artDialog4.1.7/artDialog.js"。' in /var/www/yii_backend/framework/web/CWebApplication.php:286
Stack trace:
#0 /var/www/yii_backend/framework/web/CWebApplication.php(141): CWebApplication->runController('themes/ace/asse...')
#1 /var/www/yii_backend/framework/base/CApplication.php(185): CWebApplication->processRequest()
#2 /var/www/yii_backend/index.php(13): CApplication->run()
#3 {main}
REQUEST_URI=/themes/ace/assets/js/artDialog4.1.7/artDialog.js?skin=default
HTTP_REFERER=http://www.yii.com/site/index
---
2016/01/16 16:31:07 [error] [exception.CHttpException.404] exception 'CHttpException' with message '无法解析请求 "themes/ace/assets/js/artDialog4.1.7/artDialog.js"。' in /var/www/yii_backend/framework/web/CWebApplication.php:286
Stack trace:
#0 /var/www/yii_backend/framework/web/CWebApplication.php(141): CWebApplication->runController('themes/ace/asse...')
#1 /var/www/yii_backend/framework/base/CApplication.php(185): CWebApplication->processRequest()
#2 /var/www/yii_backend/index.php(13): CApplication->run()
#3 {main}
REQUEST_URI=/themes/ace/assets/js/artDialog4.1.7/artDialog.js?skin=default
HTTP_REFERER=http://www.yii.com/site/index
---
2016/01/16 16:31:09 [error] [exception.CException] exception 'CException' with message 'BotWidget cannot find the view "bot_view".' in /var/www/yii_backend/framework/web/widgets/CWidget.php:246
Stack trace:
#0 /var/www/yii_backend/protected/widget/BotWidget.php(21): CWidget->render('bot_view', Array)
#1 /var/www/yii_backend/framework/web/CBaseController.php(181): BotWidget->run()
#2 /var/www/yii_backend/themes/ace/views/cruiseinfo/cruiseinfo_list.php(118): CBaseController->widget('BotWidget', Array)
#3 /var/www/yii_backend/framework/web/CBaseController.php(126): require('/var/www/yii_ba...')
#4 /var/www/yii_backend/framework/web/CBaseController.php(95): CBaseController->renderInternal('/var/www/yii_ba...', Array, true)
#5 /var/www/yii_backend/framework/web/CController.php(869): CBaseController->renderFile('/var/www/yii_ba...', Array, true)
#6 /var/www/yii_backend/framework/web/CController.php(782): CController->renderPartial('cruiseinfo_list', Array, true)
#7 /var/www/yii_backend/protected/controllers/CruiseinfoController.php(570): CController->render('cruiseinfo_list', Array)
#8 /var/www/yii_backend/framework/web/actions/CInlineAction.php(49): CruiseinfoController->actionCruiseinfo_list()
#9 /var/www/yii_backend/framework/web/CController.php(308): CInlineAction->runWithParams(Array)
#10 /var/www/yii_backend/framework/web/CController.php(286): CController->runAction(Object(CInlineAction))
#11 /var/www/yii_backend/framework/web/CController.php(265): CController->runActionWithFilters(Object(CInlineAction), Array)
#12 /var/www/yii_backend/framework/web/CWebApplication.php(282): CController->run('cruiseinfo_list')
#13 /var/www/yii_backend/framework/web/CWebApplication.php(141): CWebApplication->runController('Cruiseinfo/crui...')
#14 /var/www/yii_backend/framework/base/CApplication.php(185): CWebApplication->processRequest()
#15 /var/www/yii_backend/index.php(13): CApplication->run()
#16 {main}
REQUEST_URI=/Cruiseinfo/cruiseinfo_list
HTTP_REFERER=http://www.yii.com/site/index
---
2016/01/16 16:31:17 [error] [exception.CHttpException.404] exception 'CHttpException' with message '无法解析请求 "themes/ace/assets/css/ace-fonts.css"。' in /var/www/yii_backend/framework/web/CWebApplication.php:286
Stack trace:
#0 /var/www/yii_backend/framework/web/CWebApplication.php(141): CWebApplication->runController('themes/ace/asse...')
#1 /var/www/yii_backend/framework/base/CApplication.php(185): CWebApplication->processRequest()
#2 /var/www/yii_backend/index.php(13): CApplication->run()
#3 {main}
REQUEST_URI=/themes/ace/assets/css/ace-fonts.css
HTTP_REFERER=http://www.yii.com/site/index
---
2016/01/16 16:31:17 [error] [exception.CHttpException.404] exception 'CHttpException' with message '无法解析请求 "themes/ace/assets/js/artDialog4.1.7/artDialog.js"。' in /var/www/yii_backend/framework/web/CWebApplication.php:286
Stack trace:
#0 /var/www/yii_backend/framework/web/CWebApplication.php(141): CWebApplication->runController('themes/ace/asse...')
#1 /var/www/yii_backend/framework/base/CApplication.php(185): CWebApplication->processRequest()
#2 /var/www/yii_backend/index.php(13): CApplication->run()
#3 {main}
REQUEST_URI=/themes/ace/assets/js/artDialog4.1.7/artDialog.js?skin=default
HTTP_REFERER=http://www.yii.com/site/index
---
2016/01/16 16:31:17 [error] [exception.CHttpException.404] exception 'CHttpException' with message '无法解析请求 "themes/ace/assets/js/artDialog4.1.7/artDialog.js"。' in /var/www/yii_backend/framework/web/CWebApplication.php:286
Stack trace:
#0 /var/www/yii_backend/framework/web/CWebApplication.php(141): CWebApplication->runController('themes/ace/asse...')
#1 /var/www/yii_backend/framework/base/CApplication.php(185): CWebApplication->processRequest()
#2 /var/www/yii_backend/index.php(13): CApplication->run()
#3 {main}
REQUEST_URI=/themes/ace/assets/js/artDialog4.1.7/artDialog.js?skin=default
HTTP_REFERER=http://www.yii.com/site/index
---
2016/01/16 16:42:09 [error] [exception.CHttpException.404] exception 'CHttpException' with message '无法解析请求 "themes/ace/assets/css/ace-fonts.css"。' in /var/www/yii_backend/framework/web/CWebApplication.php:286
Stack trace:
#0 /var/www/yii_backend/framework/web/CWebApplication.php(141): CWebApplication->runController('themes/ace/asse...')
#1 /var/www/yii_backend/framework/base/CApplication.php(185): CWebApplication->processRequest()
#2 /var/www/yii_backend/index.php(13): CApplication->run()
#3 {main}
REQUEST_URI=/themes/ace/assets/css/ace-fonts.css
HTTP_REFERER=http://www.yii.com/site/index
---
2016/01/16 16:42:09 [error] [exception.CHttpException.404] exception 'CHttpException' with message '无法解析请求 "themes/ace/assets/js/artDialog4.1.7/artDialog.js"。' in /var/www/yii_backend/framework/web/CWebApplication.php:286
Stack trace:
#0 /var/www/yii_backend/framework/web/CWebApplication.php(141): CWebApplication->runController('themes/ace/asse...')
#1 /var/www/yii_backend/framework/base/CApplication.php(185): CWebApplication->processRequest()
#2 /var/www/yii_backend/index.php(13): CApplication->run()
#3 {main}
REQUEST_URI=/themes/ace/assets/js/artDialog4.1.7/artDialog.js?skin=default
HTTP_REFERER=http://www.yii.com/site/index
---
2016/01/16 16:42:09 [error] [exception.CHttpException.404] exception 'CHttpException' with message '无法解析请求 "themes/ace/assets/js/artDialog4.1.7/artDialog.js"。' in /var/www/yii_backend/framework/web/CWebApplication.php:286
Stack trace:
#0 /var/www/yii_backend/framework/web/CWebApplication.php(141): CWebApplication->runController('themes/ace/asse...')
#1 /var/www/yii_backend/framework/base/CApplication.php(185): CWebApplication->processRequest()
#2 /var/www/yii_backend/index.php(13): CApplication->run()
#3 {main}
REQUEST_URI=/themes/ace/assets/js/artDialog4.1.7/artDialog.js?skin=default
HTTP_REFERER=http://www.yii.com/site/index
---
2016/01/16 16:42:11 [error] [exception.CException] exception 'CException' with message 'BotWidget cannot find the view "bot_view".' in /var/www/yii_backend/framework/web/widgets/CWidget.php:246
Stack trace:
#0 /var/www/yii_backend/protected/widget/BotWidget.php(21): CWidget->render('bot_view', Array)
#1 /var/www/yii_backend/framework/web/CBaseController.php(181): BotWidget->run()
#2 /var/www/yii_backend/themes/ace/views/travelschedule/index.php(122): CBaseController->widget('BotWidget', Array)
#3 /var/www/yii_backend/framework/web/CBaseController.php(126): require('/var/www/yii_ba...')
#4 /var/www/yii_backend/framework/web/CBaseController.php(95): CBaseController->renderInternal('/var/www/yii_ba...', Array, true)
#5 /var/www/yii_backend/framework/web/CController.php(869): CBaseController->renderFile('/var/www/yii_ba...', Array, true)
#6 /var/www/yii_backend/framework/web/CController.php(782): CController->renderPartial('index', Array, true)
#7 /var/www/yii_backend/protected/controllers/TravelscheduleController.php(58): CController->render('index', Array)
#8 /var/www/yii_backend/framework/web/actions/CInlineAction.php(49): TravelscheduleController->actionTravelSchedule_list()
#9 /var/www/yii_backend/framework/web/CController.php(308): CInlineAction->runWithParams(Array)
#10 /var/www/yii_backend/framework/web/CController.php(286): CController->runAction(Object(CInlineAction))
#11 /var/www/yii_backend/framework/web/CController.php(265): CController->runActionWithFilters(Object(CInlineAction), Array)
#12 /var/www/yii_backend/framework/web/CWebApplication.php(282): CController->run('travelschedule_...')
#13 /var/www/yii_backend/framework/web/CWebApplication.php(141): CWebApplication->runController('Travelschedule/...')
#14 /var/www/yii_backend/framework/base/CApplication.php(185): CWebApplication->processRequest()
#15 /var/www/yii_backend/index.php(13): CApplication->run()
#16 {main}
REQUEST_URI=/Travelschedule/travelschedule_list
HTTP_REFERER=http://www.yii.com/site/index
---
2016/01/16 16:47:08 [error] [exception.CHttpException.404] exception 'CHttpException' with message '无法解析请求 "themes/ace/assets/css/ace-fonts.css"。' in /var/www/yii_backend/framework/web/CWebApplication.php:286
Stack trace:
#0 /var/www/yii_backend/framework/web/CWebApplication.php(141): CWebApplication->runController('themes/ace/asse...')
#1 /var/www/yii_backend/framework/base/CApplication.php(185): CWebApplication->processRequest()
#2 /var/www/yii_backend/index.php(13): CApplication->run()
#3 {main}
REQUEST_URI=/themes/ace/assets/css/ace-fonts.css
HTTP_REFERER=http://www.yii.com/login/login.html
---
2016/01/16 16:47:08 [error] [exception.CHttpException.404] exception 'CHttpException' with message '无法解析请求 "favicon.ico"。' in /var/www/yii_backend/framework/web/CWebApplication.php:286
Stack trace:
#0 /var/www/yii_backend/framework/web/CWebApplication.php(141): CWebApplication->runController('favicon.ico')
#1 /var/www/yii_backend/framework/base/CApplication.php(185): CWebApplication->processRequest()
#2 /var/www/yii_backend/index.php(13): CApplication->run()
#3 {main}
REQUEST_URI=/favicon.ico
HTTP_REFERER=http://www.yii.com/login/login.html
---
2016/01/16 16:47:18 [error] [exception.CHttpException.404] exception 'CHttpException' with message '无法解析请求 "themes/ace/assets/css/ace-fonts.css"。' in /var/www/yii_backend/framework/web/CWebApplication.php:286
Stack trace:
#0 /var/www/yii_backend/framework/web/CWebApplication.php(141): CWebApplication->runController('themes/ace/asse...')
#1 /var/www/yii_backend/framework/base/CApplication.php(185): CWebApplication->processRequest()
#2 /var/www/yii_backend/index.php(13): CApplication->run()
#3 {main}
REQUEST_URI=/themes/ace/assets/css/ace-fonts.css
HTTP_REFERER=http://www.yii.com/site/index
---
2016/01/16 16:47:18 [error] [exception.CHttpException.404] exception 'CHttpException' with message '无法解析请求 "themes/ace/assets/js/artDialog4.1.7/artDialog.js"。' in /var/www/yii_backend/framework/web/CWebApplication.php:286
Stack trace:
#0 /var/www/yii_backend/framework/web/CWebApplication.php(141): CWebApplication->runController('themes/ace/asse...')
#1 /var/www/yii_backend/framework/base/CApplication.php(185): CWebApplication->processRequest()
#2 /var/www/yii_backend/index.php(13): CApplication->run()
#3 {main}
REQUEST_URI=/themes/ace/assets/js/artDialog4.1.7/artDialog.js?skin=default
HTTP_REFERER=http://www.yii.com/site/index
---
2016/01/16 16:47:18 [error] [exception.CHttpException.404] exception 'CHttpException' with message '无法解析请求 "favicon.ico"。' in /var/www/yii_backend/framework/web/CWebApplication.php:286
Stack trace:
#0 /var/www/yii_backend/framework/web/CWebApplication.php(141): CWebApplication->runController('favicon.ico')
#1 /var/www/yii_backend/framework/base/CApplication.php(185): CWebApplication->processRequest()
#2 /var/www/yii_backend/index.php(13): CApplication->run()
#3 {main}
REQUEST_URI=/favicon.ico
HTTP_REFERER=http://www.yii.com/site/index
---
2016/01/16 16:47:21 [error] [exception.CException] exception 'CException' with message 'BotWidget cannot find the view "bot_view".' in /var/www/yii_backend/framework/web/widgets/CWidget.php:246
Stack trace:
#0 /var/www/yii_backend/protected/widget/BotWidget.php(21): CWidget->render('bot_view', Array)
#1 /var/www/yii_backend/framework/web/CBaseController.php(181): BotWidget->run()
#2 /var/www/yii_backend/themes/ace/views/strategy/strategy_category_list.php(115): CBaseController->widget('BotWidget', Array)
#3 /var/www/yii_backend/framework/web/CBaseController.php(126): require('/var/www/yii_ba...')
#4 /var/www/yii_backend/framework/web/CBaseController.php(95): CBaseController->renderInternal('/var/www/yii_ba...', Array, true)
#5 /var/www/yii_backend/framework/web/CController.php(869): CBaseController->renderFile('/var/www/yii_ba...', Array, true)
#6 /var/www/yii_backend/framework/web/CController.php(782): CController->renderPartial('strategy_catego...', Array, true)
#7 /var/www/yii_backend/protected/controllers/StrategyController.php(458): CController->render('strategy_catego...', Array)
#8 /var/www/yii_backend/framework/web/actions/CInlineAction.php(49): StrategyController->actionStrategy_category_list()
#9 /var/www/yii_backend/framework/web/CController.php(308): CInlineAction->runWithParams(Array)
#10 /var/www/yii_backend/framework/web/CController.php(286): CController->runAction(Object(CInlineAction))
#11 /var/www/yii_backend/framework/web/CController.php(265): CController->runActionWithFilters(Object(CInlineAction), Array)
#12 /var/www/yii_backend/framework/web/CWebApplication.php(282): CController->run('strategy_catego...')
#13 /var/www/yii_backend/framework/web/CWebApplication.php(141): CWebApplication->runController('Strategy/strate...')
#14 /var/www/yii_backend/framework/base/CApplication.php(185): CWebApplication->processRequest()
#15 /var/www/yii_backend/index.php(13): CApplication->run()
#16 {main}
REQUEST_URI=/Strategy/strategy_category_list
HTTP_REFERER=http://www.yii.com/site/index
---
2016/01/16 16:48:11 [error] [exception.CHttpException.404] exception 'CHttpException' with message '无法解析请求 "themes/ace/assets/css/ace-fonts.css"。' in /var/www/yii_backend/framework/web/CWebApplication.php:286
Stack trace:
#0 /var/www/yii_backend/framework/web/CWebApplication.php(141): CWebApplication->runController('themes/ace/asse...')
#1 /var/www/yii_backend/framework/base/CApplication.php(185): CWebApplication->processRequest()
#2 /var/www/yii_backend/index.php(13): CApplication->run()
#3 {main}
REQUEST_URI=/themes/ace/assets/css/ace-fonts.css
HTTP_REFERER=http://www.yii.com/site/index
---
2016/01/16 16:48:11 [error] [exception.CHttpException.404] exception 'CHttpException' with message '无法解析请求 "themes/ace/assets/js/artDialog4.1.7/artDialog.js"。' in /var/www/yii_backend/framework/web/CWebApplication.php:286
Stack trace:
#0 /var/www/yii_backend/framework/web/CWebApplication.php(141): CWebApplication->runController('themes/ace/asse...')
#1 /var/www/yii_backend/framework/base/CApplication.php(185): CWebApplication->processRequest()
#2 /var/www/yii_backend/index.php(13): CApplication->run()
#3 {main}
REQUEST_URI=/themes/ace/assets/js/artDialog4.1.7/artDialog.js?skin=default
HTTP_REFERER=http://www.yii.com/site/index
---
